14:35:42 [App     ] Build date: May 26 2019, 13:00:02
14:35:42 [App     ] CPU: Intel(R) Core(TM) i7-8850H CPU @ 2.60GHz (12 cores)
14:35:42 [App     ] RAM: 31.89GB Physical Memory 128.00TB Virtual Memory
14:35:42 [App     ] OS: Windows 8 x64
14:35:42 [App     ] SSE & AVX compatible CPU & OS detected
14:35:42 [App     ] Command line: scene.mvs
14:35:42 [App     ] Camera model loaded: platform 0; camera  0; f 1.054x1.054; poses 11
14:35:42 [App     ] Image loaded   0: 00000.jpg
14:35:42 [App     ] Image loaded   1: 00001.jpg
14:35:42 [App     ] Image loaded   2: 00002.jpg
14:35:42 [App     ] Image loaded   3: 00003.jpg
14:35:42 [App     ] Image loaded   4: 00004.jpg
14:35:42 [App     ] Image loaded   5: 00005.jpg
14:35:42 [App     ] Image loaded   6: 00006.jpg
14:35:42 [App     ] Image loaded   7: 00007.jpg
14:35:42 [App     ] Image loaded   8: 00008.jpg
14:35:42 [App     ] Image loaded   9: 00009.jpg
14:35:42 [App     ] Image loaded  10: 00010.jpg
14:35:42 [App     ] Scene loaded from interface format (30ms):
	11 images (11 calibrated) with a total of 63.22 MPixels (5.75 MPixels/image)
	12683 points, 0 vertices, 0 faces
14:35:42 [App     ] Preparing images for dense reconstruction completed: 11 images (117ms)
14:35:42 [App     ] Selecting images for dense reconstruction completed: 11 images (4ms)
14:35:42 [App     ] Reference image   0 paired with 5 views
14:35:42 [App     ] Reference image   1 paired with 5 views
14:35:58 [App     ] Depth-map for image   0 estimated using  5 images: 1416x1064 (15s812ms)
14:36:00 [App     ] Reference image   2 paired with 5 views
14:36:14 [App     ] Depth-map for image   1 estimated using  5 images: 1416x1064 (16s44ms)
14:36:16 [App     ] Reference image   4 paired with 5 views
14:36:30 [App     ] Depth-map for image   2 estimated using  5 images: 1416x1064 (15s567ms)
14:36:31 [App     ] Reference image   3 paired with 5 views
14:36:45 [App     ] Depth-map for image   4 estimated using  5 images: 1416x1064 (15s280ms)
14:36:47 [App     ] Reference image   5 paired with 5 views
14:37:02 [App     ] Depth-map for image   3 estimated using  5 images: 1416x1064 (16s891ms)
14:37:04 [App     ] Reference image   7 paired with 5 views
14:37:18 [App     ] Depth-map for image   5 estimated using  5 images: 1416x1064 (16s400ms)
14:37:20 [App     ] Reference image   6 paired with 5 views
14:37:32 [App     ] Depth-map for image   7 estimated using  5 images: 1416x1064 (13s827ms)
14:37:34 [App     ] Reference image   8 paired with 5 views
14:37:48 [App     ] Depth-map for image   6 estimated using  5 images: 1416x1064 (15s839ms)
14:37:50 [App     ] Reference image   9 paired with 5 views
14:38:04 [App     ] Depth-map for image   8 estimated using  5 images: 1416x1064 (15s664ms)
14:38:06 [App     ] Reference image  10 paired with 5 views
14:38:21 [App     ] Depth-map for image   9 estimated using  5 images: 1416x1064 (16s611ms)
14:38:39 [App     ] Depth-map for image  10 estimated using  5 images: 1416x1064 (18s854ms)
14:38:43 [App     ] Depth map   5 filtered using 8 other images: 198392/886958 depths discarded (1s238ms)
14:38:43 [App     ] Depth map   4 filtered using 8 other images: 192503/888874 depths discarded (1s254ms)
14:38:43 [App     ] Depth map   2 filtered using 8 other images: 241196/952453 depths discarded (1s262ms)
14:38:43 [App     ] Depth map   0 filtered using 8 other images: 329168/1013677 depths discarded (1s274ms)
14:38:43 [App     ] Depth map   6 filtered using 8 other images: 173295/888760 depths discarded (1s274ms)
14:38:43 [App     ] Depth map   1 filtered using 8 other images: 236471/979534 depths discarded (1s281ms)
14:38:43 [App     ] Depth map  10 filtered using 8 other images: 315931/1024224 depths discarded (1s284ms)
14:38:43 [App     ] Depth map   7 filtered using 8 other images: 74724/857721 depths discarded (1s307ms)
14:38:43 [App     ] Depth map   3 filtered using 8 other images: 210156/935405 depths discarded (1s308ms)
14:38:43 [App     ] Depth map   8 filtered using 8 other images: 96404/979747 depths discarded (1s352ms)
14:38:43 [App     ] Depth map   9 filtered using 8 other images: 147261/1020193 depths discarded (1s358ms)
14:38:52 [App     ] Depth-maps fused and filtered: 11 depth-maps, 7747457 depths, 1127117 points (15%%) (6s856ms)
14:38:52 [App     ] Densifying point-cloud completed: 1127117 points (3m10s207ms)
14:38:55 [App     ] Scene saved (2s289ms):
	11 images (11 calibrated)
	1127117 points, 0 vertices, 0 faces
14:38:55 [App     ] Point-cloud saved: 1127117 points (100ms)
14:38:55 [App     ] MEMORYINFO: {
14:38:55 [App     ] 	PageFaultCount 2117855
14:38:55 [App     ] 	PeakWorkingSetSize 1.49GB
14:38:55 [App     ] 	WorkingSetSize 251.60MB
14:38:55 [App     ] 	QuotaPeakPagedPoolUsage 190.15KB
14:38:55 [App     ] 	QuotaPagedPoolUsage 187.94KB
14:38:55 [App     ] 	QuotaPeakNonPagedPoolUsage 48.95KB
14:38:55 [App     ] 	QuotaNonPagedPoolUsage 18.45KB
14:38:55 [App     ] 	PagefileUsage 314.46MB
14:38:55 [App     ] 	PeakPagefileUsage 1.49GB
14:38:55 [App     ] } ENDINFO
