11:38:29 [App     ] Build date: Jan  5 2020, 15:49:26
11:38:29 [App     ] CPU: Intel(R) Core(TM) i7-8850H CPU @ 2.60GHz (12 cores)
11:38:29 [App     ] RAM: 31.89GB Physical Memory 128.00TB Virtual Memory
11:38:29 [App     ] OS: Windows 8 x64
11:38:29 [App     ] SSE & AVX compatible CPU & OS detected
11:38:29 [App     ] Command line: scene_dense.mvs
11:38:30 [App     ] Scene loaded (1s350ms):
	11 images (11 calibrated) with a total of 15.81 MPixels (1.44 MPixels/image)
	1127206 points, 0 vertices, 0 faces
11:38:40 [App     ] Delaunay tetrahedralization completed: 1127206 points -> 486177 vertices, 3053137 (+124) cells, 6106336 (+186) faces (9s505ms)
11:38:51 [App     ] Delaunay tetrahedras weighting completed: 3053261 cells, 6106522 faces (11s212ms)
11:38:57 [App     ] Delaunay tetrahedras graph-cut completed (385929 flow): 453177 vertices, 906707 faces (5s494ms)
11:39:07 [App     ] Mesh reconstruction completed: 453259 vertices, 906491 faces (36s953ms)
11:39:13 [App     ] Cleaned mesh: 452879 vertices, 905284 faces (5s574ms)
11:39:15 [App     ] Cleaned mesh: 452883 vertices, 905301 faces (2s359ms)
11:39:16 [App     ] Cleaned mesh: 452883 vertices, 905301 faces (1s329ms)
11:39:17 [App     ] Scene saved (926ms):
	11 images (11 calibrated)
	0 points, 452883 vertices, 905301 faces
11:39:17 [App     ] Mesh saved: 452883 vertices, 905301 faces (94ms)
11:39:17 [App     ] MEMORYINFO: {
11:39:17 [App     ] 	PageFaultCount 1036341
11:39:17 [App     ] 	PeakWorkingSetSize 1021.16MB
11:39:17 [App     ] 	WorkingSetSize 73.59MB
11:39:17 [App     ] 	QuotaPeakPagedPoolUsage 128.06KB
11:39:17 [App     ] 	QuotaPagedPoolUsage 127.89KB
11:39:17 [App     ] 	QuotaPeakNonPagedPoolUsage 18.05KB
11:39:17 [App     ] 	QuotaNonPagedPoolUsage 16.59KB
11:39:17 [App     ] 	PagefileUsage 78.52MB
11:39:17 [App     ] 	PeakPagefileUsage 1.05GB
11:39:17 [App     ] } ENDINFO
