11:41:25 [App     ] Build date: Jan  5 2020, 15:49:26
11:41:25 [App     ] CPU: Intel(R) Core(TM) i7-8850H CPU @ 2.60GHz (12 cores)
11:41:25 [App     ] RAM: 31.89GB Physical Memory 128.00TB Virtual Memory
11:41:25 [App     ] OS: Windows 8 x64
11:41:25 [App     ] SSE & AVX compatible CPU & OS detected
11:41:25 [App     ] Command line: scene_dense_mesh.mvs --max-face-area 16
11:41:26 [App     ] Scene loaded (668ms):
	11 images (11 calibrated) with a total of 63.22 MPixels (5.75 MPixels/image)
	0 points, 452883 vertices, 905301 faces
11:41:37 [App     ] Cleaned mesh: 169974 vertices, 339487 faces (5s823ms)
11:41:38 [App     ] Cleaned mesh: 169974 vertices, 339487 faces (703ms)
11:42:01 [App     ] Cleaned mesh: 151803 vertices, 302602 faces (633ms)
11:42:01 [App     ] Mesh subdivided: 169974/339487 -> 151803/302602 vertices/faces
11:42:04 [App     ] 	 1. f: 19.92452 (1.3125e-04)	g: 0.33754 (2.2236e-06 - 3.7948e-04)	s: 0.500	v:     0
11:42:06 [App     ] 	 2. f: 19.72640 (1.2995e-04)	g: 0.24548 (1.6171e-06 - 3.3453e-04)	s: 0.490	v:     0
11:42:08 [App     ] 	 3. f: 19.55825 (1.2884e-04)	g: 0.22432 (1.4777e-06 - 3.0915e-04)	s: 0.480	v:     0
11:42:11 [App     ] 	 4. f: 19.43715 (1.2804e-04)	g: 0.22402 (1.4757e-06 - 2.8867e-04)	s: 0.471	v:     0
11:42:13 [App     ] 	 5. f: 19.33786 (1.2739e-04)	g: 0.19538 (1.2870e-06 - 2.6915e-04)	s: 0.461	v:     0
11:42:16 [App     ] 	 6. f: 19.25878 (1.2687e-04)	g: 0.19448 (1.2811e-06 - 2.5410e-04)	s: 0.452	v:     0
11:42:18 [App     ] 	 7. f: 19.18634 (1.2639e-04)	g: 0.16602 (1.0936e-06 - 2.3942e-04)	s: 0.443	v:     0
11:42:20 [App     ] 	 8. f: 19.13177 (1.2603e-04)	g: 0.16179 (1.0658e-06 - 2.2881e-04)	s: 0.434	v:     0
11:42:23 [App     ] 	 9. f: 19.07781 (1.2567e-04)	g: 0.15629 (1.0295e-06 - 2.1932e-04)	s: 0.425	v:     0
11:42:25 [App     ] 	10. f: 19.03705 (1.2541e-04)	g: 0.15983 (1.0528e-06 - 2.1165e-04)	s: 0.417	v:     0
11:42:28 [App     ] 	11. f: 19.00020 (1.2516e-04)	g: 0.15256 (1.0050e-06 - 2.0325e-04)	s: 0.409	v:     0
11:42:30 [App     ] 	12. f: 18.96293 (1.2492e-04)	g: 0.14881 (9.8029e-07 - 1.9652e-04)	s: 0.400	v:     0
11:42:32 [App     ] 	13. f: 18.92745 (1.2468e-04)	g: 0.14026 (9.2396e-07 - 1.9045e-04)	s: 0.392	v:     0
11:42:35 [App     ] 	14. f: 18.90160 (1.2451e-04)	g: 0.14424 (9.5020e-07 - 1.8558e-04)	s: 0.385	v:     0
11:42:37 [App     ] 	15. f: 18.87089 (1.2431e-04)	g: 0.12625 (8.3166e-07 - 1.7935e-04)	s: 0.377	v:     0
11:42:39 [App     ] 	16. f: 18.84412 (1.2414e-04)	g: 0.11968 (7.8836e-07 - 1.7406e-04)	s: 0.369	v:     0
11:42:42 [App     ] 	17. f: 18.82015 (1.2398e-04)	g: 0.12085 (7.9612e-07 - 1.7056e-04)	s: 0.362	v:     0
11:42:44 [App     ] 	18. f: 18.79973 (1.2384e-04)	g: 0.11838 (7.7981e-07 - 1.6711e-04)	s: 0.355	v:     0
11:42:46 [App     ] 	19. f: 18.78045 (1.2372e-04)	g: 0.13227 (8.7131e-07 - 1.6401e-04)	s: 0.348	v:     0
11:42:49 [App     ] 	20. f: 18.76728 (1.2363e-04)	g: 0.13465 (8.8701e-07 - 1.6106e-04)	s: 0.341	v:     0
11:42:51 [App     ] 	21. f: 18.75230 (1.2353e-04)	g: 0.12360 (8.1421e-07 - 1.5757e-04)	s: 0.334	v:     0
11:42:53 [App     ] 	22. f: 18.73506 (1.2342e-04)	g: 0.11874 (7.8223e-07 - 1.5462e-04)	s: 0.327	v:     0
11:42:56 [App     ] 	23. f: 18.71716 (1.2330e-04)	g: 0.13043 (8.5921e-07 - 1.5271e-04)	s: 0.321	v:     0
11:42:58 [App     ] 	24. f: 18.71277 (1.2327e-04)	g: 0.11820 (7.7867e-07 - 1.4982e-04)	s: 0.314	v:     0
11:43:01 [App     ] 	25. f: 18.69779 (1.2317e-04)	g: 0.11832 (7.7941e-07 - 1.4787e-04)	s: 0.308	v:     0
11:43:03 [App     ] 	26. f: 18.68562 (1.2309e-04)	g: 0.13794 (9.0868e-07 - 1.4579e-04)	s: 0.302	v:     0
11:43:06 [App     ] 	27. f: 18.67630 (1.2303e-04)	g: 0.12673 (8.3480e-07 - 1.4402e-04)	s: 0.296	v:     0
11:43:08 [App     ] 	28. f: 18.66857 (1.2298e-04)	g: 0.11827 (7.7910e-07 - 1.4188e-04)	s: 0.290	v:     0
11:43:11 [App     ] 	29. f: 18.65810 (1.2291e-04)	g: 0.11302 (7.4454e-07 - 1.3948e-04)	s: 0.284	v:     0
11:43:13 [App     ] 	30. f: 18.64931 (1.2285e-04)	g: 0.10579 (6.9691e-07 - 1.3724e-04)	s: 0.278	v:     0
11:43:15 [App     ] 	31. f: 18.64267 (1.2281e-04)	g: 0.10708 (7.0539e-07 - 1.3544e-04)	s: 0.273	v:     0
11:43:18 [App     ] 	32. f: 18.63242 (1.2274e-04)	g: 0.10457 (6.8883e-07 - 1.3385e-04)	s: 0.267	v:     0
11:43:20 [App     ] 	33. f: 18.62249 (1.2268e-04)	g: 0.11553 (7.6107e-07 - 1.3442e-04)	s: 0.262	v:     0
11:43:23 [App     ] 	34. f: 18.61607 (1.2263e-04)	g: 0.10355 (6.8211e-07 - 1.3236e-04)	s: 0.257	v:     0
11:43:25 [App     ] 	35. f: 18.60820 (1.2258e-04)	g: 0.10354 (6.8209e-07 - 1.3077e-04)	s: 0.252	v:     0
11:43:28 [App     ] 	36. f: 18.60194 (1.2254e-04)	g: 0.09248 (6.0922e-07 - 1.2891e-04)	s: 0.247	v:     0
11:43:30 [App     ] 	37. f: 18.59394 (1.2249e-04)	g: 0.10148 (6.6850e-07 - 1.2785e-04)	s: 0.242	v:     0
11:43:33 [App     ] 	38. f: 18.58878 (1.2245e-04)	g: 0.08863 (5.8384e-07 - 1.2628e-04)	s: 0.237	v:     0
11:43:36 [App     ] 	39. f: 18.58014 (1.2240e-04)	g: 0.10532 (6.9381e-07 - 1.2591e-04)	s: 0.232	v:     0
11:43:38 [App     ] 	40. f: 18.57478 (1.2236e-04)	g: 0.10921 (7.1942e-07 - 1.2562e-04)	s: 0.227	v:     0
11:43:41 [App     ] 	41. f: 18.56846 (1.2232e-04)	g: 0.09011 (5.9358e-07 - 1.2331e-04)	s: 0.223	v:     0
11:43:43 [App     ] 	42. f: 18.56267 (1.2228e-04)	g: 0.08910 (5.8697e-07 - 1.2248e-04)	s: 0.218	v:     0
11:43:45 [App     ] 	43. f: 18.55749 (1.2225e-04)	g: 0.08957 (5.9003e-07 - 1.2157e-04)	s: 0.214	v:     0
11:43:48 [App     ] 	44. f: 18.55400 (1.2222e-04)	g: 0.09578 (6.3098e-07 - 1.2073e-04)	s: 0.210	v:     0
11:43:50 [App     ] 	45. f: 18.54671 (1.2218e-04)	g: 0.10138 (6.6781e-07 - 1.2023e-04)	s: 0.206	v:     0
11:43:52 [App     ] Mesh subdivided: 151803/302602 -> 168995/336758 vertices/faces
11:43:57 [App     ] 	 1. f: 19.04922 (1.1272e-04)	g: 0.25757 (1.5241e-06 - 3.2717e-04)	s: 0.500	v:     0
11:44:03 [App     ] 	 2. f: 18.79738 (1.1123e-04)	g: 0.20008 (1.1839e-06 - 2.8602e-04)	s: 0.490	v:     0
11:44:08 [App     ] 	 3. f: 18.59017 (1.1000e-04)	g: 0.17606 (1.0418e-06 - 2.5783e-04)	s: 0.480	v:     0
11:44:14 [App     ] 	 4. f: 18.42936 (1.0905e-04)	g: 0.16385 (9.6953e-07 - 2.3544e-04)	s: 0.471	v:     0
11:44:19 [App     ] 	 5. f: 18.30404 (1.0831e-04)	g: 0.15134 (8.9555e-07 - 2.1720e-04)	s: 0.461	v:     0
11:44:24 [App     ] 	 6. f: 18.19922 (1.0769e-04)	g: 0.14258 (8.4368e-07 - 2.0258e-04)	s: 0.452	v:     0
11:44:29 [App     ] 	 7. f: 18.11856 (1.0721e-04)	g: 0.14893 (8.8128e-07 - 1.9091e-04)	s: 0.443	v:     0
11:44:34 [App     ] 	 8. f: 18.04652 (1.0679e-04)	g: 0.13946 (8.2523e-07 - 1.8002e-04)	s: 0.434	v:     0
11:44:39 [App     ] 	 9. f: 17.98832 (1.0644e-04)	g: 0.12997 (7.6906e-07 - 1.7028e-04)	s: 0.425	v:     0
11:44:45 [App     ] 	10. f: 17.93275 (1.0611e-04)	g: 0.12284 (7.2690e-07 - 1.6224e-04)	s: 0.417	v:     0
11:44:50 [App     ] 	11. f: 17.88376 (1.0582e-04)	g: 0.11931 (7.0602e-07 - 1.5505e-04)	s: 0.409	v:     0
11:44:55 [App     ] 	12. f: 17.84388 (1.0559e-04)	g: 0.11924 (7.0558e-07 - 1.4960e-04)	s: 0.400	v:     0
11:45:01 [App     ] 	13. f: 17.80725 (1.0537e-04)	g: 0.12366 (7.3175e-07 - 1.4474e-04)	s: 0.392	v:     0
11:45:06 [App     ] 	14. f: 17.77788 (1.0520e-04)	g: 0.11813 (6.9900e-07 - 1.3977e-04)	s: 0.385	v:     0
11:45:12 [App     ] 	15. f: 17.74761 (1.0502e-04)	g: 0.11302 (6.6878e-07 - 1.3551e-04)	s: 0.377	v:     0
11:45:17 [App     ] 	16. f: 17.71748 (1.0484e-04)	g: 0.10858 (6.4252e-07 - 1.3108e-04)	s: 0.369	v:     0
11:45:22 [App     ] 	17. f: 17.69178 (1.0469e-04)	g: 0.11180 (6.6158e-07 - 1.2960e-04)	s: 0.362	v:     0
11:45:28 [App     ] 	18. f: 17.67263 (1.0457e-04)	g: 0.11241 (6.6516e-07 - 1.2646e-04)	s: 0.355	v:     0
11:45:33 [App     ] 	19. f: 17.65338 (1.0446e-04)	g: 0.10305 (6.0979e-07 - 1.2290e-04)	s: 0.348	v:     0
11:45:38 [App     ] 	20. f: 17.63367 (1.0434e-04)	g: 0.10589 (6.2661e-07 - 1.2064e-04)	s: 0.341	v:     0
11:45:44 [App     ] 	21. f: 17.61457 (1.0423e-04)	g: 0.10891 (6.4447e-07 - 1.1772e-04)	s: 0.334	v:     0
11:45:49 [App     ] 	22. f: 17.59980 (1.0414e-04)	g: 0.10247 (6.0635e-07 - 1.1543e-04)	s: 0.327	v:     0
11:45:52 [App     ] Mesh subdivided: 168995/336758 -> 429414/856627 vertices/faces
11:46:12 [App     ] 	 1. f: 22.62354 (5.2685e-05)	g: 0.30818 (7.1768e-07 - 3.1850e-04)	s: 0.500	v:     0
11:46:33 [App     ] 	 2. f: 21.93893 (5.1090e-05)	g: 0.25220 (5.8732e-07 - 2.7392e-04)	s: 0.490	v:     0
11:46:53 [App     ] 	 3. f: 21.39476 (4.9823e-05)	g: 0.22023 (5.1287e-07 - 2.4013e-04)	s: 0.480	v:     0
11:47:13 [App     ] 	 4. f: 20.96534 (4.8823e-05)	g: 0.19976 (4.6520e-07 - 2.1319e-04)	s: 0.471	v:     0
11:47:32 [App     ] 	 5. f: 20.62149 (4.8022e-05)	g: 0.17780 (4.1404e-07 - 1.9091e-04)	s: 0.461	v:     0
11:47:51 [App     ] 	 6. f: 20.34212 (4.7372e-05)	g: 0.16220 (3.7773e-07 - 1.7266e-04)	s: 0.452	v:     0
11:48:11 [App     ] 	 7. f: 20.11632 (4.6846e-05)	g: 0.15099 (3.5162e-07 - 1.5753e-04)	s: 0.443	v:     0
11:48:30 [App     ] 	 8. f: 19.92905 (4.6410e-05)	g: 0.14363 (3.3447e-07 - 1.4479e-04)	s: 0.434	v:     0
11:48:50 [App     ] 	 9. f: 19.77716 (4.6056e-05)	g: 0.13699 (3.1901e-07 - 1.3426e-04)	s: 0.425	v:     0
11:49:09 [App     ] 	10. f: 19.64954 (4.5759e-05)	g: 0.12898 (3.0036e-07 - 1.2490e-04)	s: 0.417	v:     0
11:49:29 [App     ] 	11. f: 19.54044 (4.5505e-05)	g: 0.12210 (2.8434e-07 - 1.1702e-04)	s: 0.409	v:     0
11:49:49 [App     ] 	12. f: 19.45074 (4.5296e-05)	g: 0.11902 (2.7718e-07 - 1.1092e-04)	s: 0.400	v:     0
11:50:09 [App     ] 	13. f: 19.37544 (4.5121e-05)	g: 0.11257 (2.6215e-07 - 1.0490e-04)	s: 0.392	v:     0
11:50:29 [App     ] 	14. f: 19.31043 (4.4969e-05)	g: 0.10763 (2.5064e-07 - 9.9692e-05)	s: 0.385	v:     0
11:50:48 [App     ] 	15. f: 19.25403 (4.4838e-05)	g: 0.10979 (2.5568e-07 - 9.5282e-05)	s: 0.377	v:     0
11:50:49 [App     ] Mesh refinement completed: 429414 vertices, 856627 faces (9m22s879ms)
11:50:49 [App     ] Scene saved (676ms):
	11 images (11 calibrated)
	0 points, 429414 vertices, 856627 faces
11:50:49 [App     ] Mesh saved: 429414 vertices, 856627 faces (96ms)
11:50:49 [App     ] MEMORYINFO: {
11:50:49 [App     ] 	PageFaultCount 14404326
11:50:49 [App     ] 	PeakWorkingSetSize 5.71GB
11:50:49 [App     ] 	WorkingSetSize 3.20GB
11:50:49 [App     ] 	QuotaPeakPagedPoolUsage 133.73KB
11:50:49 [App     ] 	QuotaPagedPoolUsage 126.67KB
11:50:49 [App     ] 	QuotaPeakNonPagedPoolUsage 45.55KB
11:50:49 [App     ] 	QuotaNonPagedPoolUsage 30.80KB
11:50:49 [App     ] 	PagefileUsage 3.20GB
11:50:49 [App     ] 	PeakPagefileUsage 5.75GB
11:50:49 [App     ] } ENDINFO
