12:18:29 [App     ] Build date: Jan  5 2020, 15:49:26
12:18:29 [App     ] CPU: Intel(R) Core(TM) i7-8850H CPU @ 2.60GHz (12 cores)
12:18:29 [App     ] RAM: 31.89GB Physical Memory 128.00TB Virtual Memory
12:18:29 [App     ] OS: Windows 8 x64
12:18:29 [App     ] SSE & AVX compatible CPU & OS detected
12:18:29 [App     ] Command line: scene_mesh.mvs --max-face-area 16
12:18:29 [App     ] Scene loaded (10ms):
	11 images (11 calibrated) with a total of 63.22 MPixels (5.75 MPixels/image)
	0 points, 7377 vertices, 14707 faces
12:18:31 [App     ] Cleaned mesh: 16116 vertices, 32049 faces (53ms)
12:18:31 [App     ] Mesh subdivided: 7377/14707 -> 16116/32049 vertices/faces
12:18:32 [App     ] 	 1. f: 31.81614 (1.9742e-03)	g: 0.53154 (3.2982e-05 - 2.3567e-03)	s: 0.500	v:     0
12:18:33 [App     ] 	 2. f: 30.11127 (1.8684e-03)	g: 0.43817 (2.7188e-05 - 2.0557e-03)	s: 0.490	v:     0
12:18:34 [App     ] 	 3. f: 28.87898 (1.7919e-03)	g: 0.37251 (2.3114e-05 - 1.7971e-03)	s: 0.480	v:     0
12:18:34 [App     ] 	 4. f: 27.95117 (1.7344e-03)	g: 0.32606 (2.0232e-05 - 1.5925e-03)	s: 0.471	v:     0
12:18:35 [App     ] 	 5. f: 27.21571 (1.6887e-03)	g: 0.28950 (1.7963e-05 - 1.4282e-03)	s: 0.461	v:     0
12:18:36 [App     ] 	 6. f: 26.61508 (1.6515e-03)	g: 0.26115 (1.6204e-05 - 1.2965e-03)	s: 0.452	v:     0
12:18:37 [App     ] 	 7. f: 26.12437 (1.6210e-03)	g: 0.23545 (1.4610e-05 - 1.1822e-03)	s: 0.443	v:     0
12:18:37 [App     ] 	 8. f: 25.72167 (1.5960e-03)	g: 0.21490 (1.3335e-05 - 1.0920e-03)	s: 0.434	v:     0
12:18:38 [App     ] 	 9. f: 25.38567 (1.5752e-03)	g: 0.19919 (1.2360e-05 - 1.0160e-03)	s: 0.425	v:     0
12:18:39 [App     ] 	10. f: 25.10456 (1.5577e-03)	g: 0.18762 (1.1642e-05 - 9.5394e-04)	s: 0.417	v:     0
12:18:40 [App     ] 	11. f: 24.85528 (1.5423e-03)	g: 0.17698 (1.0982e-05 - 8.9921e-04)	s: 0.409	v:     0
12:18:40 [App     ] 	12. f: 24.63056 (1.5283e-03)	g: 0.16838 (1.0448e-05 - 8.5326e-04)	s: 0.400	v:     0
12:18:41 [App     ] 	13. f: 24.43592 (1.5163e-03)	g: 0.16126 (1.0006e-05 - 8.1313e-04)	s: 0.392	v:     0
12:18:42 [App     ] 	14. f: 24.25638 (1.5051e-03)	g: 0.15560 (9.6550e-06 - 7.7900e-04)	s: 0.385	v:     0
12:18:43 [App     ] 	15. f: 24.09749 (1.4953e-03)	g: 0.14838 (9.2070e-06 - 7.4447e-04)	s: 0.377	v:     0
12:18:44 [App     ] 	16. f: 23.94951 (1.4861e-03)	g: 0.14199 (8.8104e-06 - 7.1495e-04)	s: 0.369	v:     0
12:18:44 [App     ] 	17. f: 23.81158 (1.4775e-03)	g: 0.13660 (8.4758e-06 - 6.8891e-04)	s: 0.362	v:     0
12:18:45 [App     ] 	18. f: 23.70399 (1.4708e-03)	g: 0.13107 (8.1330e-06 - 6.6474e-04)	s: 0.355	v:     0
12:18:46 [App     ] 	19. f: 23.59685 (1.4642e-03)	g: 0.12705 (7.8838e-06 - 6.4278e-04)	s: 0.348	v:     0
12:18:47 [App     ] 	20. f: 23.50110 (1.4582e-03)	g: 0.12319 (7.6438e-06 - 6.2490e-04)	s: 0.341	v:     0
12:18:48 [App     ] 	21. f: 23.41509 (1.4529e-03)	g: 0.12100 (7.5083e-06 - 6.0970e-04)	s: 0.334	v:     0
12:18:49 [App     ] 	22. f: 23.32420 (1.4473e-03)	g: 0.11845 (7.3495e-06 - 5.9299e-04)	s: 0.327	v:     0
12:18:49 [App     ] 	23. f: 23.24887 (1.4426e-03)	g: 0.11597 (7.1962e-06 - 5.7859e-04)	s: 0.321	v:     0
12:18:50 [App     ] 	24. f: 23.18089 (1.4384e-03)	g: 0.11408 (7.0785e-06 - 5.6513e-04)	s: 0.314	v:     0
12:18:51 [App     ] 	25. f: 23.11011 (1.4340e-03)	g: 0.11223 (6.9641e-06 - 5.5240e-04)	s: 0.308	v:     0
12:18:52 [App     ] 	26. f: 23.04598 (1.4300e-03)	g: 0.10999 (6.8246e-06 - 5.4074e-04)	s: 0.302	v:     0
12:18:53 [App     ] 	27. f: 22.98693 (1.4263e-03)	g: 0.10713 (6.6475e-06 - 5.2862e-04)	s: 0.296	v:     0
12:18:53 [App     ] 	28. f: 22.93276 (1.4230e-03)	g: 0.10577 (6.5628e-06 - 5.1861e-04)	s: 0.290	v:     0
12:18:54 [App     ] 	29. f: 22.87230 (1.4192e-03)	g: 0.10355 (6.4255e-06 - 5.0856e-04)	s: 0.284	v:     0
12:18:55 [App     ] 	30. f: 22.82420 (1.4162e-03)	g: 0.10100 (6.2669e-06 - 4.9861e-04)	s: 0.278	v:     0
12:18:56 [App     ] 	31. f: 22.76849 (1.4128e-03)	g: 0.09845 (6.1090e-06 - 4.8947e-04)	s: 0.273	v:     0
12:18:57 [App     ] 	32. f: 22.71190 (1.4093e-03)	g: 0.09673 (6.0021e-06 - 4.8055e-04)	s: 0.267	v:     0
12:18:58 [App     ] 	33. f: 22.65443 (1.4057e-03)	g: 0.10173 (6.3122e-06 - 5.0464e-04)	s: 0.262	v:     0
12:18:58 [App     ] 	34. f: 22.60994 (1.4030e-03)	g: 0.09984 (6.1949e-06 - 4.9587e-04)	s: 0.257	v:     0
12:18:59 [App     ] 	35. f: 22.57784 (1.4010e-03)	g: 0.09816 (6.0907e-06 - 4.8800e-04)	s: 0.252	v:     0
12:19:00 [App     ] 	36. f: 22.51928 (1.3973e-03)	g: 0.09678 (6.0054e-06 - 4.7996e-04)	s: 0.247	v:     0
12:19:01 [App     ] 	37. f: 22.48146 (1.3950e-03)	g: 0.09427 (5.8493e-06 - 4.7089e-04)	s: 0.242	v:     0
12:19:02 [App     ] 	38. f: 22.46079 (1.3937e-03)	g: 0.09318 (5.7818e-06 - 4.6485e-04)	s: 0.237	v:     0
12:19:02 [App     ] 	39. f: 22.40744 (1.3904e-03)	g: 0.09145 (5.6748e-06 - 4.5748e-04)	s: 0.232	v:     0
12:19:03 [App     ] 	40. f: 22.37786 (1.3885e-03)	g: 0.09066 (5.6253e-06 - 4.5227e-04)	s: 0.227	v:     0
12:19:04 [App     ] 	41. f: 22.35176 (1.3869e-03)	g: 0.08998 (5.5834e-06 - 4.4739e-04)	s: 0.223	v:     0
12:19:05 [App     ] 	42. f: 22.31263 (1.3845e-03)	g: 0.08865 (5.5005e-06 - 4.4176e-04)	s: 0.218	v:     0
12:19:06 [App     ] 	43. f: 22.28191 (1.3826e-03)	g: 0.08793 (5.4559e-06 - 4.3704e-04)	s: 0.214	v:     0
12:19:07 [App     ] 	44. f: 22.25570 (1.3810e-03)	g: 0.08666 (5.3773e-06 - 4.3050e-04)	s: 0.210	v:     0
12:19:08 [App     ] 	45. f: 22.24957 (1.3806e-03)	g: 0.08639 (5.3607e-06 - 4.2713e-04)	s: 0.206	v:     0
12:19:08 [App     ] Mesh subdivided: 16116/32049 -> 62388/124439 vertices/faces
12:19:12 [App     ] 	 1. f: 23.96422 (3.8412e-04)	g: 0.34503 (5.5303e-06 - 9.7733e-04)	s: 0.500	v:     0
12:19:15 [App     ] 	 2. f: 23.35094 (3.7429e-04)	g: 0.28480 (4.5649e-06 - 8.2998e-04)	s: 0.490	v:     0
12:19:19 [App     ] 	 3. f: 22.90551 (3.6715e-04)	g: 0.24507 (3.9281e-06 - 7.2075e-04)	s: 0.480	v:     0
12:19:23 [App     ] 	 4. f: 22.56550 (3.6170e-04)	g: 0.21440 (3.4366e-06 - 6.3409e-04)	s: 0.471	v:     0
12:19:26 [App     ] 	 5. f: 22.29977 (3.5744e-04)	g: 0.19090 (3.0598e-06 - 5.6518e-04)	s: 0.461	v:     0
12:19:30 [App     ] 	 6. f: 22.08654 (3.5402e-04)	g: 0.17194 (2.7559e-06 - 5.0866e-04)	s: 0.452	v:     0
12:19:33 [App     ] 	 7. f: 21.90926 (3.5118e-04)	g: 0.15688 (2.5146e-06 - 4.6234e-04)	s: 0.443	v:     0
12:19:37 [App     ] 	 8. f: 21.75996 (3.4878e-04)	g: 0.14431 (2.3131e-06 - 4.2361e-04)	s: 0.434	v:     0
12:19:41 [App     ] 	 9. f: 21.63815 (3.4683e-04)	g: 0.13418 (2.1508e-06 - 3.9114e-04)	s: 0.425	v:     0
12:19:44 [App     ] 	10. f: 21.52955 (3.4509e-04)	g: 0.12596 (2.0190e-06 - 3.6399e-04)	s: 0.417	v:     0
12:19:48 [App     ] 	11. f: 21.43361 (3.4355e-04)	g: 0.11894 (1.9065e-06 - 3.4060e-04)	s: 0.409	v:     0
12:19:51 [App     ] 	12. f: 21.35151 (3.4224e-04)	g: 0.11251 (1.8033e-06 - 3.2017e-04)	s: 0.400	v:     0
12:19:55 [App     ] 	13. f: 21.27502 (3.4101e-04)	g: 0.10740 (1.7215e-06 - 3.0271e-04)	s: 0.392	v:     0
12:19:59 [App     ] 	14. f: 21.20921 (3.3996e-04)	g: 0.10276 (1.6471e-06 - 2.8743e-04)	s: 0.385	v:     0
12:20:02 [App     ] 	15. f: 21.14903 (3.3899e-04)	g: 0.09881 (1.5838e-06 - 2.7416e-04)	s: 0.377	v:     0
12:20:06 [App     ] 	16. f: 21.09318 (3.3810e-04)	g: 0.09535 (1.5284e-06 - 2.6251e-04)	s: 0.369	v:     0
12:20:10 [App     ] 	17. f: 21.04093 (3.3726e-04)	g: 0.09661 (1.5485e-06 - 2.6256e-04)	s: 0.362	v:     0
12:20:14 [App     ] 	18. f: 20.99395 (3.3651e-04)	g: 0.09376 (1.5029e-06 - 2.5306e-04)	s: 0.355	v:     0
12:20:18 [App     ] 	19. f: 20.94869 (3.3578e-04)	g: 0.09139 (1.4649e-06 - 2.4464e-04)	s: 0.348	v:     0
12:20:21 [App     ] 	20. f: 20.90855 (3.3514e-04)	g: 0.08888 (1.4246e-06 - 2.3704e-04)	s: 0.341	v:     0
12:20:25 [App     ] 	21. f: 20.86915 (3.3451e-04)	g: 0.08665 (1.3888e-06 - 2.2999e-04)	s: 0.334	v:     0
12:20:29 [App     ] 	22. f: 20.83577 (3.3397e-04)	g: 0.08422 (1.3500e-06 - 2.2337e-04)	s: 0.327	v:     0
12:20:31 [App     ] Mesh subdivided: 62388/124439 -> 245770/490893 vertices/faces
12:20:49 [App     ] 	 1. f: 23.11307 (9.4044e-05)	g: 0.25076 (1.0203e-06 - 3.2521e-04)	s: 0.500	v:     0
12:21:06 [App     ] 	 2. f: 22.66763 (9.2231e-05)	g: 0.20902 (8.5047e-07 - 2.7955e-04)	s: 0.490	v:     0
12:21:22 [App     ] 	 3. f: 22.34023 (9.0899e-05)	g: 0.18120 (7.3729e-07 - 2.4469e-04)	s: 0.480	v:     0
12:21:38 [App     ] 	 4. f: 22.09130 (8.9886e-05)	g: 0.16026 (6.5208e-07 - 2.1707e-04)	s: 0.471	v:     0
12:21:54 [App     ] 	 5. f: 21.89728 (8.9097e-05)	g: 0.14383 (5.8520e-07 - 1.9483e-04)	s: 0.461	v:     0
12:22:12 [App     ] 	 6. f: 21.74317 (8.8470e-05)	g: 0.13057 (5.3128e-07 - 1.7664e-04)	s: 0.452	v:     0
12:22:28 [App     ] 	 7. f: 21.61946 (8.7966e-05)	g: 0.11981 (4.8748e-07 - 1.6159e-04)	s: 0.443	v:     0
12:22:45 [App     ] 	 8. f: 21.52054 (8.7564e-05)	g: 0.11090 (4.5123e-07 - 1.4903e-04)	s: 0.434	v:     0
12:23:01 [App     ] 	 9. f: 21.43801 (8.7228e-05)	g: 0.10351 (4.2116e-07 - 1.3848e-04)	s: 0.425	v:     0
12:23:17 [App     ] 	10. f: 21.37201 (8.6959e-05)	g: 0.09749 (3.9666e-07 - 1.2958e-04)	s: 0.417	v:     0
12:23:36 [App     ] 	11. f: 21.31775 (8.6739e-05)	g: 0.09228 (3.7546e-07 - 1.2202e-04)	s: 0.409	v:     0
12:23:55 [App     ] 	12. f: 21.27304 (8.6557e-05)	g: 0.09069 (3.6901e-07 - 1.1883e-04)	s: 0.400	v:     0
12:24:13 [App     ] 	13. f: 21.23485 (8.6401e-05)	g: 0.08706 (3.5423e-07 - 1.1320e-04)	s: 0.392	v:     0
12:24:32 [App     ] 	14. f: 21.20179 (8.6267e-05)	g: 0.08404 (3.4194e-07 - 1.0830e-04)	s: 0.385	v:     0
12:24:51 [App     ] 	15. f: 21.17325 (8.6151e-05)	g: 0.08099 (3.2953e-07 - 1.0397e-04)	s: 0.377	v:     0
12:24:52 [App     ] Mesh refinement completed: 245770 vertices, 490893 faces (6m22s294ms)
12:24:52 [App     ] Scene saved (384ms):
	11 images (11 calibrated)
	0 points, 245770 vertices, 490893 faces
12:24:52 [App     ] Mesh saved: 245770 vertices, 490893 faces (63ms)
12:24:52 [App     ] MEMORYINFO: {
12:24:52 [App     ] 	PageFaultCount 5192413
12:24:52 [App     ] 	PeakWorkingSetSize 5.38GB
12:24:52 [App     ] 	WorkingSetSize 3.10GB
12:24:52 [App     ] 	QuotaPeakPagedPoolUsage 128.95KB
12:24:52 [App     ] 	QuotaPagedPoolUsage 126.69KB
12:24:52 [App     ] 	QuotaPeakNonPagedPoolUsage 42.49KB
12:24:52 [App     ] 	QuotaNonPagedPoolUsage 29.08KB
12:24:52 [App     ] 	PagefileUsage 3.11GB
12:24:52 [App     ] 	PeakPagefileUsage 5.40GB
12:24:52 [App     ] } ENDINFO
