14:51:48 [App     ] Build date: May 26 2019, 13:00:02
14:51:48 [App     ] CPU: Intel(R) Core(TM) i7-8850H CPU @ 2.60GHz (12 cores)
14:51:48 [App     ] RAM: 31.89GB Physical Memory 128.00TB Virtual Memory
14:51:48 [App     ] OS: Windows 8 x64
14:51:48 [App     ] SSE & AVX compatible CPU & OS detected
14:51:48 [App     ] Command line: scene_dense_mesh.mvs --max-face-area 16
14:51:48 [App     ] Scene loaded (604ms):
	11 images (11 calibrated) with a total of 63.22 MPixels (5.75 MPixels/image)
	0 points, 454984 vertices, 909442 faces
14:51:58 [App     ] Cleaned mesh: 170781 vertices, 341040 faces (5s628ms)
14:51:59 [App     ] Cleaned mesh: 170781 vertices, 341040 faces (674ms)
14:52:23 [App     ] Cleaned mesh: 152352 vertices, 303619 faces (604ms)
14:52:23 [App     ] Mesh subdivided: 170781/341040 -> 152352/303619 vertices/faces
14:52:25 [App     ] 	 1. f: 19.81385 (1.3005e-04)	g: 0.40337 (2.6476e-06 - 3.8251e-04)	s: 0.500	v:     0
14:52:27 [App     ] 	 2. f: 19.63004 (1.2885e-04)	g: 0.24788 (1.6270e-06 - 3.3266e-04)	s: 0.490	v:     0
14:52:29 [App     ] 	 3. f: 19.46711 (1.2778e-04)	g: 0.23136 (1.5186e-06 - 3.0639e-04)	s: 0.480	v:     0
14:52:30 [App     ] 	 4. f: 19.33444 (1.2691e-04)	g: 0.20411 (1.3397e-06 - 2.8437e-04)	s: 0.471	v:     0
14:52:32 [App     ] 	 5. f: 19.23962 (1.2628e-04)	g: 0.19036 (1.2495e-06 - 2.6726e-04)	s: 0.461	v:     0
14:52:34 [App     ] 	 6. f: 19.15681 (1.2574e-04)	g: 0.18018 (1.1827e-06 - 2.5243e-04)	s: 0.452	v:     0
14:52:36 [App     ] 	 7. f: 19.08949 (1.2530e-04)	g: 0.16902 (1.1094e-06 - 2.3957e-04)	s: 0.443	v:     0
14:52:38 [App     ] 	 8. f: 19.02160 (1.2485e-04)	g: 0.15719 (1.0317e-06 - 2.2726e-04)	s: 0.434	v:     0
14:52:40 [App     ] 	 9. f: 18.97728 (1.2456e-04)	g: 0.15229 (9.9961e-07 - 2.1717e-04)	s: 0.425	v:     0
14:52:42 [App     ] 	10. f: 18.93421 (1.2428e-04)	g: 0.14035 (9.2122e-07 - 2.0792e-04)	s: 0.417	v:     0
14:52:44 [App     ] 	11. f: 18.89285 (1.2401e-04)	g: 0.13647 (8.9572e-07 - 2.0047e-04)	s: 0.409	v:     0
14:52:45 [App     ] 	12. f: 18.85444 (1.2376e-04)	g: 0.13773 (9.0405e-07 - 1.9398e-04)	s: 0.400	v:     0
14:52:47 [App     ] 	13. f: 18.82116 (1.2354e-04)	g: 0.12821 (8.4152e-07 - 1.8790e-04)	s: 0.392	v:     0
14:52:49 [App     ] 	14. f: 18.79693 (1.2338e-04)	g: 0.25759 (1.6908e-06 - 1.8398e-04)	s: 0.385	v:     0
14:52:51 [App     ] 	15. f: 18.78303 (1.2329e-04)	g: 0.12274 (8.0563e-07 - 1.7797e-04)	s: 0.377	v:     0
14:52:53 [App     ] 	16. f: 18.75913 (1.2313e-04)	g: 0.12050 (7.9093e-07 - 1.7337e-04)	s: 0.369	v:     0
14:52:55 [App     ] 	17. f: 18.73483 (1.2297e-04)	g: 0.11433 (7.5046e-07 - 1.6878e-04)	s: 0.362	v:     0
14:52:57 [App     ] 	18. f: 18.71537 (1.2284e-04)	g: 0.11304 (7.4199e-07 - 1.6542e-04)	s: 0.355	v:     0
14:52:59 [App     ] 	19. f: 18.69582 (1.2271e-04)	g: 0.11333 (7.4389e-07 - 1.6221e-04)	s: 0.348	v:     0
14:53:00 [App     ] 	20. f: 18.67881 (1.2260e-04)	g: 0.11645 (7.6433e-07 - 1.5961e-04)	s: 0.341	v:     0
14:53:02 [App     ] 	21. f: 18.66358 (1.2250e-04)	g: 0.11453 (7.5176e-07 - 1.5651e-04)	s: 0.334	v:     0
14:53:04 [App     ] 	22. f: 18.64691 (1.2239e-04)	g: 0.10942 (7.1818e-07 - 1.5332e-04)	s: 0.327	v:     0
14:53:06 [App     ] 	23. f: 18.63164 (1.2229e-04)	g: 0.10268 (6.7394e-07 - 1.5012e-04)	s: 0.321	v:     0
14:53:08 [App     ] 	24. f: 18.61797 (1.2220e-04)	g: 0.10158 (6.6675e-07 - 1.4762e-04)	s: 0.314	v:     0
14:53:10 [App     ] 	25. f: 18.60471 (1.2212e-04)	g: 0.10165 (6.6720e-07 - 1.4538e-04)	s: 0.308	v:     0
14:53:12 [App     ] 	26. f: 18.59030 (1.2202e-04)	g: 0.10054 (6.5993e-07 - 1.4303e-04)	s: 0.302	v:     0
14:53:13 [App     ] 	27. f: 18.58081 (1.2196e-04)	g: 0.10499 (6.8916e-07 - 1.4130e-04)	s: 0.296	v:     0
14:53:15 [App     ] 	28. f: 18.57032 (1.2189e-04)	g: 0.10087 (6.6207e-07 - 1.3896e-04)	s: 0.290	v:     0
14:53:17 [App     ] 	29. f: 18.56067 (1.2183e-04)	g: 0.09725 (6.3834e-07 - 1.3705e-04)	s: 0.284	v:     0
14:53:19 [App     ] 	30. f: 18.55242 (1.2177e-04)	g: 0.09755 (6.4027e-07 - 1.3541e-04)	s: 0.278	v:     0
14:53:21 [App     ] 	31. f: 18.54577 (1.2173e-04)	g: 0.09656 (6.3377e-07 - 1.3372e-04)	s: 0.273	v:     0
14:53:23 [App     ] 	32. f: 18.53415 (1.2165e-04)	g: 0.10308 (6.7662e-07 - 1.3255e-04)	s: 0.267	v:     0
14:53:25 [App     ] 	33. f: 18.52728 (1.2161e-04)	g: 0.10950 (7.1871e-07 - 1.3244e-04)	s: 0.262	v:     0
14:53:26 [App     ] 	34. f: 18.51911 (1.2155e-04)	g: 0.10216 (6.7058e-07 - 1.3100e-04)	s: 0.257	v:     0
14:53:28 [App     ] 	35. f: 18.51433 (1.2152e-04)	g: 0.09447 (6.2010e-07 - 1.2922e-04)	s: 0.252	v:     0
14:53:30 [App     ] 	36. f: 18.50879 (1.2149e-04)	g: 0.09254 (6.0743e-07 - 1.2794e-04)	s: 0.247	v:     0
14:53:32 [App     ] 	37. f: 18.50366 (1.2145e-04)	g: 0.08995 (5.9042e-07 - 1.2648e-04)	s: 0.242	v:     0
14:53:34 [App     ] 	38. f: 18.49662 (1.2141e-04)	g: 0.08919 (5.8544e-07 - 1.2525e-04)	s: 0.237	v:     0
14:53:36 [App     ] 	39. f: 18.48981 (1.2136e-04)	g: 0.09723 (6.3818e-07 - 1.2456e-04)	s: 0.232	v:     0
14:53:38 [App     ] 	40. f: 18.48680 (1.2134e-04)	g: 0.09782 (6.4207e-07 - 1.2367e-04)	s: 0.227	v:     0
14:53:39 [App     ] 	41. f: 18.48166 (1.2131e-04)	g: 0.09581 (6.2884e-07 - 1.2258e-04)	s: 0.223	v:     0
14:53:41 [App     ] 	42. f: 18.47578 (1.2127e-04)	g: 0.08831 (5.7965e-07 - 1.2102e-04)	s: 0.218	v:     0
14:53:43 [App     ] 	43. f: 18.47163 (1.2124e-04)	g: 0.09330 (6.1241e-07 - 1.2019e-04)	s: 0.214	v:     0
14:53:45 [App     ] 	44. f: 18.46785 (1.2122e-04)	g: 0.10664 (6.9993e-07 - 1.1966e-04)	s: 0.210	v:     0
14:53:47 [App     ] 	45. f: 18.46390 (1.2119e-04)	g: 0.11539 (7.5736e-07 - 1.1901e-04)	s: 0.206	v:     0
14:53:49 [App     ] Mesh subdivided: 152352/303619 -> 169353/337385 vertices/faces
14:53:52 [App     ] 	 1. f: 18.94718 (1.1188e-04)	g: 0.24058 (1.4206e-06 - 3.2097e-04)	s: 0.500	v:     0
14:53:56 [App     ] 	 2. f: 18.68454 (1.1033e-04)	g: 0.19749 (1.1662e-06 - 2.8198e-04)	s: 0.490	v:     0
14:54:00 [App     ] 	 3. f: 18.48440 (1.0915e-04)	g: 0.17417 (1.0284e-06 - 2.5357e-04)	s: 0.480	v:     0
14:54:04 [App     ] 	 4. f: 18.33235 (1.0825e-04)	g: 0.17148 (1.0125e-06 - 2.3243e-04)	s: 0.471	v:     0
14:54:08 [App     ] 	 5. f: 18.20971 (1.0753e-04)	g: 0.15035 (8.8779e-07 - 2.1435e-04)	s: 0.461	v:     0
14:54:12 [App     ] 	 6. f: 18.10854 (1.0693e-04)	g: 0.14469 (8.5436e-07 - 1.9994e-04)	s: 0.452	v:     0
14:54:16 [App     ] 	 7. f: 18.02279 (1.0642e-04)	g: 0.13351 (7.8836e-07 - 1.8718e-04)	s: 0.443	v:     0
14:54:20 [App     ] 	 8. f: 17.95344 (1.0601e-04)	g: 0.12619 (7.4512e-07 - 1.7645e-04)	s: 0.434	v:     0
14:54:24 [App     ] 	 9. f: 17.89577 (1.0567e-04)	g: 0.12539 (7.4041e-07 - 1.6791e-04)	s: 0.425	v:     0
14:54:28 [App     ] 	10. f: 17.84007 (1.0534e-04)	g: 0.11149 (6.5832e-07 - 1.5988e-04)	s: 0.417	v:     0
14:54:32 [App     ] 	11. f: 17.79395 (1.0507e-04)	g: 0.10912 (6.4436e-07 - 1.5310e-04)	s: 0.409	v:     0
14:54:36 [App     ] 	12. f: 17.75443 (1.0484e-04)	g: 0.10955 (6.4690e-07 - 1.4726e-04)	s: 0.400	v:     0
14:54:40 [App     ] 	13. f: 17.71624 (1.0461e-04)	g: 0.10339 (6.1048e-07 - 1.4144e-04)	s: 0.392	v:     0
14:54:44 [App     ] 	14. f: 17.68216 (1.0441e-04)	g: 0.10593 (6.2549e-07 - 1.3679e-04)	s: 0.385	v:     0
14:54:48 [App     ] 	15. f: 17.65484 (1.0425e-04)	g: 0.09767 (5.7672e-07 - 1.3221e-04)	s: 0.377	v:     0
14:54:52 [App     ] 	16. f: 17.62935 (1.0410e-04)	g: 0.11201 (6.6140e-07 - 1.2866e-04)	s: 0.369	v:     0
14:54:56 [App     ] 	17. f: 17.60555 (1.0396e-04)	g: 0.09583 (5.6584e-07 - 1.2702e-04)	s: 0.362	v:     0
14:55:00 [App     ] 	18. f: 17.58320 (1.0383e-04)	g: 0.09346 (5.5189e-07 - 1.2364e-04)	s: 0.355	v:     0
14:55:04 [App     ] 	19. f: 17.56504 (1.0372e-04)	g: 0.11152 (6.5850e-07 - 1.2148e-04)	s: 0.348	v:     0
14:55:08 [App     ] 	20. f: 17.54956 (1.0363e-04)	g: 0.09206 (5.4360e-07 - 1.1796e-04)	s: 0.341	v:     0
14:55:12 [App     ] 	21. f: 17.52850 (1.0350e-04)	g: 0.10515 (6.2088e-07 - 1.1608e-04)	s: 0.334	v:     0
14:55:16 [App     ] 	22. f: 17.51739 (1.0344e-04)	g: 0.09889 (5.8392e-07 - 1.1375e-04)	s: 0.327	v:     0
14:55:19 [App     ] Mesh subdivided: 169353/337385 -> 427721/853194 vertices/faces
14:55:35 [App     ] 	 1. f: 22.50204 (5.2609e-05)	g: 0.30358 (7.0975e-07 - 3.1686e-04)	s: 0.500	v:     0
14:55:52 [App     ] 	 2. f: 21.81449 (5.1002e-05)	g: 0.25517 (5.9659e-07 - 2.7325e-04)	s: 0.490	v:     0
14:56:08 [App     ] 	 3. f: 21.27562 (4.9742e-05)	g: 0.21807 (5.0985e-07 - 2.3917e-04)	s: 0.480	v:     0
14:56:24 [App     ] 	 4. f: 20.85032 (4.8747e-05)	g: 0.19601 (4.5825e-07 - 2.1235e-04)	s: 0.471	v:     0
14:56:40 [App     ] 	 5. f: 20.50937 (4.7950e-05)	g: 0.17568 (4.1073e-07 - 1.9020e-04)	s: 0.461	v:     0
14:56:56 [App     ] 	 6. f: 20.23536 (4.7310e-05)	g: 0.16236 (3.7959e-07 - 1.7207e-04)	s: 0.452	v:     0
14:57:14 [App     ] 	 7. f: 20.00995 (4.6783e-05)	g: 0.15276 (3.5715e-07 - 1.5692e-04)	s: 0.443	v:     0
14:57:32 [App     ] 	 8. f: 19.82606 (4.6353e-05)	g: 0.13494 (3.1548e-07 - 1.4388e-04)	s: 0.434	v:     0
14:57:49 [App     ] 	 9. f: 19.67365 (4.5996e-05)	g: 0.12809 (2.9947e-07 - 1.3316e-04)	s: 0.425	v:     0
14:58:07 [App     ] 	10. f: 19.54562 (4.5697e-05)	g: 0.12013 (2.8086e-07 - 1.2413e-04)	s: 0.417	v:     0
14:58:24 [App     ] 	11. f: 19.43953 (4.5449e-05)	g: 0.11651 (2.7240e-07 - 1.1634e-04)	s: 0.409	v:     0
14:58:42 [App     ] 	12. f: 19.34782 (4.5235e-05)	g: 0.11120 (2.5997e-07 - 1.1036e-04)	s: 0.400	v:     0
14:59:00 [App     ] 	13. f: 19.27290 (4.5060e-05)	g: 0.11096 (2.5942e-07 - 1.0471e-04)	s: 0.392	v:     0
14:59:17 [App     ] 	14. f: 19.21057 (4.4914e-05)	g: 0.10586 (2.4749e-07 - 9.9532e-05)	s: 0.385	v:     0
14:59:35 [App     ] 	15. f: 19.15374 (4.4781e-05)	g: 0.10169 (2.3774e-07 - 9.5014e-05)	s: 0.377	v:     0
14:59:35 [App     ] Mesh refinement completed: 427721 vertices, 853194 faces (7m46s863ms)
14:59:36 [App     ] Scene saved (605ms):
	11 images (11 calibrated)
	0 points, 427721 vertices, 853194 faces
14:59:36 [App     ] Mesh saved: 427721 vertices, 853194 faces (84ms)
14:59:36 [App     ] MEMORYINFO: {
14:59:36 [App     ] 	PageFaultCount 14243264
14:59:36 [App     ] 	PeakWorkingSetSize 5.80GB
14:59:36 [App     ] 	WorkingSetSize 3.28GB
14:59:36 [App     ] 	QuotaPeakPagedPoolUsage 183.06KB
14:59:36 [App     ] 	QuotaPagedPoolUsage 180.89KB
14:59:36 [App     ] 	QuotaPeakNonPagedPoolUsage 44.75KB
14:59:36 [App     ] 	QuotaNonPagedPoolUsage 30.14KB
14:59:36 [App     ] 	PagefileUsage 3.28GB
14:59:36 [App     ] 	PeakPagefileUsage 5.84GB
14:59:36 [App     ] } ENDINFO
